Сборка начата 28.01.2019 2:33:49.
     1>Проект "C:\Users\Иван\YandexDisk\Инста\FreeLance\Основы программирования. 2 курс. Контрольная + лабы\KR\KR\KR.vcxproj" в узле 2 (целевые объекты Build).
     1>ClCompile:
         E:\Programms for VPI\MVS 13\VC\bin\CL.exe /c /ZI /nologo /W3 /WX- /sdl- /Od /Oy- /D _MBCS /Gm /EHsc /RTC1 /MDd /GS /fp:precise /Zc:wchar_t /Zc:forScope /Fo"Debug\\" /Fd"Debug\vc120.pdb" /Gd /TC /analyze- /errorReport:prompt kr.c
         kr.c
     1>c:\users\иван\yandexdisk\инста\freelance\основы программирования. 2 курс. контрольная + лабы\kr\kr\kr.c(33): warning C4996: 'scanf': This function or variable may be unsafe. Consider using scanf_s instead. To disable deprecation, use _CRT_SECURE_NO_WARNINGS. See online help for details.
                 e:\programms for vpi\mvs 13\vc\include\stdio.h(283): см. объявление "scanf"
     1>c:\users\иван\yandexdisk\инста\freelance\основы программирования. 2 курс. контрольная + лабы\kr\kr\kr.c(39): warning C4013: malloc: нет определения; предполагается "extern" с возвратом типа "int"
     1>c:\users\иван\yandexdisk\инста\freelance\основы программирования. 2 курс. контрольная + лабы\kr\kr\kr.c(39): warning C4133: =: несовместимые типы - из "int *" в "double *"
     1>c:\users\иван\yandexdisk\инста\freelance\основы программирования. 2 курс. контрольная + лабы\kr\kr\kr.c(46): warning C4013: free: нет определения; предполагается "extern" с возвратом типа "int"
     1>c:\users\иван\yandexdisk\инста\freelance\основы программирования. 2 курс. контрольная + лабы\kr\kr\kr.c(56): warning C4996: 'scanf': This function or variable may be unsafe. Consider using scanf_s instead. To disable deprecation, use _CRT_SECURE_NO_WARNINGS. See online help for details.
                 e:\programms for vpi\mvs 13\vc\include\stdio.h(283): см. объявление "scanf"
     1>c:\users\иван\yandexdisk\инста\freelance\основы программирования. 2 курс. контрольная + лабы\kr\kr\kr.c(98): warning C4047: =: "int *" отличается по уровням косвенного обращения от "int **"
     1>c:\users\иван\yandexdisk\инста\freelance\основы программирования. 2 курс. контрольная + лабы\kr\kr\kr.c(102): warning C4047: =: "int" отличается по уровням косвенного обращения от "int *"
     1>c:\users\иван\yandexdisk\инста\freelance\основы программирования. 2 курс. контрольная + лабы\kr\kr\kr.c(125): warning C4013: getche: нет определения; предполагается "extern" с возвратом типа "int"
     1>c:\users\иван\yandexdisk\инста\freelance\основы программирования. 2 курс. контрольная + лабы\kr\kr\kr.c(136): warning C4996: 'scanf': This function or variable may be unsafe. Consider using scanf_s instead. To disable deprecation, use _CRT_SECURE_NO_WARNINGS. See online help for details.
                 e:\programms for vpi\mvs 13\vc\include\stdio.h(283): см. объявление "scanf"
     1>c:\users\иван\yandexdisk\инста\freelance\основы программирования. 2 курс. контрольная + лабы\kr\kr\kr.c(160): warning C4996: 'scanf': This function or variable may be unsafe. Consider using scanf_s instead. To disable deprecation, use _CRT_SECURE_NO_WARNINGS. See online help for details.
                 e:\programms for vpi\mvs 13\vc\include\stdio.h(283): см. объявление "scanf"
     1>c:\users\иван\yandexdisk\инста\freelance\основы программирования. 2 курс. контрольная + лабы\kr\kr\kr.c(173): warning C4013: rand: нет определения; предполагается "extern" с возвратом типа "int"
     1>c:\users\иван\yandexdisk\инста\freelance\основы программирования. 2 курс. контрольная + лабы\kr\kr\kr.c(234): warning C4244: инициализация: преобразование "double" в "int", возможна потеря данных
     1>c:\users\иван\yandexdisk\инста\freelance\основы программирования. 2 курс. контрольная + лабы\kr\kr\kr.c(241): warning C4244: =: преобразование "double" в "int", возможна потеря данных
     1>c:\users\иван\yandexdisk\инста\freelance\основы программирования. 2 курс. контрольная + лабы\kr\kr\kr.c(284): warning C4996: 'scanf': This function or variable may be unsafe. Consider using scanf_s instead. To disable deprecation, use _CRT_SECURE_NO_WARNINGS. See online help for details.
                 e:\programms for vpi\mvs 13\vc\include\stdio.h(283): см. объявление "scanf"
     1>c:\users\иван\yandexdisk\инста\freelance\основы программирования. 2 курс. контрольная + лабы\kr\kr\kr.c(341): warning C4047: =: "int *" отличается по уровням косвенного обращения от "int **"
     1>c:\users\иван\yandexdisk\инста\freelance\основы программирования. 2 курс. контрольная + лабы\kr\kr\kr.c(342): warning C4047: =: "int *" отличается по уровням косвенного обращения от "int **"
     1>c:\users\иван\yandexdisk\инста\freelance\основы программирования. 2 курс. контрольная + лабы\kr\kr\kr.c(345): warning C4996: 'scanf': This function or variable may be unsafe. Consider using scanf_s instead. To disable deprecation, use _CRT_SECURE_NO_WARNINGS. See online help for details.
                 e:\programms for vpi\mvs 13\vc\include\stdio.h(283): см. объявление "scanf"
     1>c:\users\иван\yandexdisk\инста\freelance\основы программирования. 2 курс. контрольная + лабы\kr\kr\kr.c(423): warning C4098: Menu: функция типа "void", возвращающая значение
     1>c:\users\иван\yandexdisk\инста\freelance\основы программирования. 2 курс. контрольная + лабы\kr\kr\kr.c(433): warning C4013: setlocale: нет определения; предполагается "extern" с возвратом типа "int"
     1>c:\users\иван\yandexdisk\инста\freelance\основы программирования. 2 курс. контрольная + лабы\kr\kr\kr.c(434): warning C4013: srand: нет определения; предполагается "extern" с возвратом типа "int"
       Link:
         E:\Programms for VPI\MVS 13\VC\bin\link.exe /ERRORREPORT:PROMPT /OUT:"C:\Users\Иван\YandexDisk\Инста\FreeLance\Основы программирования. 2 курс. Контрольная + лабы\KR\Debug\KR.exe" /INCREMENTAL /NOLOGO kernel32.lib user32.lib gdi32.lib winspool.lib comdlg32.lib advapi32.lib shell32.lib ole32.lib oleaut32.lib uuid.lib odbc32.lib odbccp32.lib /MANIFEST /MANIFESTUAC:"level='asInvoker' uiAccess='false'" /manifest:embed /DEBUG /PDB:"C:\Users\Иван\YandexDisk\Инста\FreeLance\Основы программирования. 2 курс. Контрольная + лабы\KR\Debug\KR.pdb" /TLBID:1 /DYNAMICBASE /NXCOMPAT /IMPLIB:"C:\Users\Иван\YandexDisk\Инста\FreeLance\Основы программирования. 2 курс. Контрольная + лабы\KR\Debug\KR.lib" /MACHINE:X86 Debug\kr.obj
         KR.vcxproj -> C:\Users\Иван\YandexDisk\Инста\FreeLance\Основы программирования. 2 курс. Контрольная + лабы\KR\Debug\KR.exe
     1>Сборка проекта "C:\Users\Иван\YandexDisk\Инста\FreeLance\Основы программирования. 2 курс. Контрольная + лабы\KR\KR\KR.vcxproj" завершена (целевые объекты Build).

Сборка успешно завершена.

Затраченное время: 00:00:00.35
